<?xml version="1.0" encoding="UTF-8"?>
<!-- Generated by org.testng.reporters.JUnitReportReporter -->
<testsuite skipped="0" hostname="DESKTOP-D2M4U6D" name="test.RegisterTest" tests="1" failures="0" timestamp="2020-03-29T15:59:45 ART" time="50.251" errors="0">
  <testcase name="test" time="50.251" classname="test.RegisterTest"/>
</testsuite> <!-- test.RegisterTest -->
