<?xml version="1.0" encoding="UTF-8"?>
<!-- Generated by org.testng.reporters.JUnitReportReporter -->
<testsuite skipped="0" hostname="DESKTOP-D2M4U6D" name="test.TestOne" tests="1" failures="0" timestamp="2020-03-24T16:42:02 ART" time="43.431" errors="0">
  <testcase name="test" time="43.431" classname="test.TestOne"/>
</testsuite> <!-- test.TestOne -->
